<?xml version="1.0" encoding="UTF-8"?>
<testng-results skipped="0" failed="0" total="1" passed="1">
  <reporter-output>
  </reporter-output>
  <suite name="Default suite" duration-ms="283" started-at="2019-11-15T17:33:04Z" finished-at="2019-11-15T17:33:04Z">
    <groups>
    </groups>
    <test name="Default test" duration-ms="283" started-at="2019-11-15T17:33:04Z" finished-at="2019-11-15T17:33:04Z">
      <class name="com.actitime.test.ModifyCustomerTest">
        <test-method status="PASS" signature="modifyCustomerTest()[pri:0, instance:com.actitime.test.ModifyCustomerTest@525b461a]" name="modifyCustomerTest" duration-ms="63" started-at="2019-11-15T23:03:04Z" finished-at="2019-11-15T23:03:04Z">
          <reporter-output>
          </reporter-output>
        </test-method> <!-- modifyCustomerTest -->
      </class> <!-- com.actitime.test.ModifyCustomerTest -->
    </test> <!-- Default test -->
  </suite> <!-- Default suite -->
</testng-results>
